<?xml version="1.0" encoding="UTF-8" ?>
<testsuite errors="0" failures="0" hostname="zhoutengteng-Lenovo-IdeaPad-Y470" name="ImplementImageIOTest" skipped="0" tests="8" time="2.015" timestamp="2015-08-27T01:43:31">
  <properties>
    <property name="ant.project.invoked-targets" value="junit" />
    <property name="java.runtime.name" value="OpenJDK Runtime Environment" />
    <property name="sun.boot.library.path" value="/usr/lib/jvm/java-7-openjdk-amd64/jre/lib/amd64" />
    <property name="java.vm.version" value="24.79-b02" />
    <property name="ant.library.dir" value="/usr/share/ant/lib" />
    <property name="ant.version" value="Apache Ant(TM) version 1.9.3 compiled on April 8 2014" />
    <property name="ant.java.version" value="1.7" />
    <property name="java.vm.vendor" value="Oracle Corporation" />
    <property name="java.vendor.url" value="http://java.oracle.com/" />
    <property name="path.separator" value=":" />
    <property name="java.vm.name" value="OpenJDK 64-Bit Server VM" />
    <property name="file.encoding.pkg" value="sun.io" />
    <property name="user.country" value="US" />
    <property name="sun.java.launcher" value="SUN_STANDARD" />
    <property name="sun.os.patch.level" value="unknown" />
    <property name="java.vm.specification.name" value="Java Virtual Machine Specification" />
    <property name="user.dir" value="/home/zhoutengteng/Desktop/java_test/hangleImage/code" />
    <property name="java.runtime.version" value="1.7.0_79-b14" />
    <property name="ant.file.type.Image" value="file" />
    <property name="java.awt.graphicsenv" value="sun.awt.X11GraphicsEnvironment" />
    <property name="basedir" value="/home/zhoutengteng/Desktop/java_test/hangleImage/code" />
    <property name="java.endorsed.dirs" value="/usr/lib/jvm/java-7-openjdk-amd64/jre/lib/endorsed" />
    <property name="os.arch" value="amd64" />
    <property name="ant.project.default-target" value="run" />
    <property name="java.io.tmpdir" value="/tmp" />
    <property name="ant.core.lib" value="/usr/share/ant/lib/ant.jar" />
    <property name="line.separator" value="&#xa;" />
    <property name="java.vm.specification.vendor" value="Oracle Corporation" />
    <property name="os.name" value="Linux" />
    <property name="ant.home" value="/usr/share/ant" />
    <property name="ant.project.name" value="Image" />
    <property name="sun.jnu.encoding" value="UTF-8" />
    <property name="java.library.path" value="/usr/java/packages/lib/amd64:/usr/lib/x86_64-linux-gnu/jni:/lib/x86_64-linux-gnu:/usr/lib/x86_64-linux-gnu:/usr/lib/jni:/lib:/usr/lib" />
    <property name="java.specification.name" value="Java Platform API Specification" />
    <property name="java.class.version" value="51.0" />
    <property name="lib.dir" value="lib" />
    <property name="sun.management.compiler" value="HotSpot 64-Bit Tiered Compilers" />
    <property name="os.version" value="3.13.0-62-generic" />
    <property name="ant.file" value="/home/zhoutengteng/Desktop/java_test/hangleImage/code/build.xml" />
    <property name="user.home" value="/home/zhoutengteng" />
    <property name="class.dir" value="class" />
    <property name="user.timezone" value="" />
    <property name="java.awt.printerjob" value="sun.print.PSPrinterJob" />
    <property name="java.specification.version" value="1.7" />
    <property name="file.encoding" value="UTF-8" />
    <property name="ant.file.Image" value="/home/zhoutengteng/Desktop/java_test/hangleImage/code/build.xml" />
    <property name="user.name" value="zhoutengteng" />
    <property name="java.class.path" value="/home/zhoutengteng/Desktop/java_test/hangleImage/code:/home/zhoutengteng/Desktop/java_test/hangleImage/code/lib/ImageReader.jar:/home/zhoutengteng/Desktop/java_test/hangleImage/code/lib/appframework-1.0.3.jar:/home/zhoutengteng/Desktop/java_test/hangleImage/code/lib/junit-4.9.jar:/home/zhoutengteng/Desktop/java_test/hangleImage/code/lib/swing-worker-1.1.jar:/home/zhoutengteng/Desktop/java_test/hangleImage/code/class:/usr/lib/jvm/java-7-openjdk-amd64/lib/dt.jar:/usr/lib/jvm/java-7-openjdk-amd64/lib/tools.jar:/usr/share/ant/lib/junit.jar:/usr/share/java/ant-launcher-1.9.3.jar:/usr/share/ant/lib/ant.jar:/usr/share/ant/lib/ant-junit.jar:/usr/share/ant/lib/ant-junit4.jar" />
    <property name="reports.dir" value="reports" />
    <property name="java.vm.specification.version" value="1.7" />
    <property name="sun.java.command" value="org.apache.tools.ant.taskdefs.optional.junit.JUnitTestRunner ImplementImageIOTest skipNonTests=false filtertrace=true haltOnError=false haltOnFailure=false formatter=org.apache.tools.ant.taskdefs.optional.junit.SummaryJUnitResultFormatter showoutput=false outputtoformatters=true logfailedtests=true logtestlistenerevents=false formatter=org.apache.tools.ant.taskdefs.optional.junit.XMLJUnitResultFormatter,/home/zhoutengteng/Desktop/java_test/hangleImage/code/reports/TEST-ImplementImageIOTest.xml crashfile=/home/zhoutengteng/Desktop/java_test/hangleImage/code/junitvmwatcher8731831665104756853.properties propsfile=/home/zhoutengteng/Desktop/java_test/hangleImage/code/junit2825950438471252229.properties" />
    <property name="sun.arch.data.model" value="64" />
    <property name="java.home" value="/usr/lib/jvm/java-7-openjdk-amd64/jre" />
    <property name="java.specification.vendor" value="Oracle Corporation" />
    <property name="user.language" value="en" />
    <property name="awt.toolkit" value="sun.awt.X11.XToolkit" />
    <property name="java.vm.info" value="mixed mode" />
    <property name="java.version" value="1.7.0_79" />
    <property name="java.ext.dirs" value="/usr/lib/jvm/java-7-openjdk-amd64/jre/lib/ext:/usr/java/packages/lib/ext" />
    <property name="sun.boot.class.path" value="/usr/lib/jvm/java-7-openjdk-amd64/jre/lib/resources.jar:/usr/lib/jvm/java-7-openjdk-amd64/jre/lib/rt.jar:/usr/lib/jvm/java-7-openjdk-amd64/jre/lib/sunrsasign.jar:/usr/lib/jvm/java-7-openjdk-amd64/jre/lib/jsse.jar:/usr/lib/jvm/java-7-openjdk-amd64/jre/lib/jce.jar:/usr/lib/jvm/java-7-openjdk-amd64/jre/lib/charsets.jar:/usr/lib/jvm/java-7-openjdk-amd64/jre/lib/rhino.jar:/usr/lib/jvm/java-7-openjdk-amd64/jre/lib/jfr.jar:/usr/lib/jvm/java-7-openjdk-amd64/jre/classes" />
    <property name="java.vendor" value="Oracle Corporation" />
    <property name="file.separator" value="/" />
    <property name="java.vendor.url.bug" value="http://bugreport.sun.com/bugreport/" />
    <property name="src.dir" value="src" />
    <property name="sun.cpu.endian" value="little" />
    <property name="sun.io.unicode.encoding" value="UnicodeLittle" />
    <property name="ant.file.type" value="file" />
    <property name="sun.desktop" value="gnome" />
    <property name="sun.cpu.isalist" value="" />
  </properties>
  <testcase classname="ImplementImageIOTest" name="testcase2" time="0.47" />
  <testcase classname="ImplementImageIOTest" name="testcase1" time="0.165" />
  <testcase classname="ImplementImageIOTest" name="testcase8" time="0.315" />
  <testcase classname="ImplementImageIOTest" name="testcase5" time="0.285" />
  <testcase classname="ImplementImageIOTest" name="testcase6" time="0.277" />
  <testcase classname="ImplementImageIOTest" name="testcase7" time="0.283" />
  <testcase classname="ImplementImageIOTest" name="testcase3" time="0.065" />
  <testcase classname="ImplementImageIOTest" name="testcase4" time="0.063" />
  <system-out><![CDATA[480054
54
400
400
3
0
480054
54
400
400
3
0
2199606
54
715
1024
3
3
2199606
54
715
1024
3
3
2199606
54
715
1024
3
3
2199606
54
715
1024
3
3
480054
54
400
400
3
0
480054
54
400
400
3
0
]]></system-out>
  <system-err><![CDATA[]]></system-err>
</testsuite>
