<?xml version="1.0" encoding="UTF-8" ?>
<testsuite errors="0" failures="1" hostname="zhoutengteng-Lenovo-IdeaPad-Y470" name="HelloWorldTest" skipped="0" tests="1" time="0.096" timestamp="2015-08-21T07:46:04">
  <properties>
    <property name="ant.project.invoked-targets" value="junit" />
    <property name="ant.file.type.JumperRunner" value="file" />
    <property name="java.runtime.name" value="OpenJDK Runtime Environment" />
    <property name="sun.boot.library.path" value="/usr/lib/jvm/java-7-openjdk-amd64/jre/lib/amd64" />
    <property name="java.vm.version" value="24.79-b02" />
    <property name="ant.library.dir" value="/usr/share/ant/lib" />
    <property name="ant.version" value="Apache Ant(TM) version 1.9.3 compiled on April 8 2014" />
    <property name="ant.java.version" value="1.7" />
    <property name="java.vm.vendor" value="Oracle Corporation" />
    <property name="java.vendor.url" value="http://java.oracle.com/" />
    <property name="path.separator" value=":" />
    <property name="java.vm.name" value="OpenJDK 64-Bit Server VM" />
    <property name="file.encoding.pkg" value="sun.io" />
    <property name="user.country" value="US" />
    <property name="sun.java.launcher" value="SUN_STANDARD" />
    <property name="sun.os.patch.level" value="unknown" />
    <property name="java.vm.specification.name" value="Java Virtual Machine Specification" />
    <property name="user.dir" value="/home/zhoutengteng/Desktop/java_test/allTestBash/antstudyHello/testAnt" />
    <property name="java.runtime.version" value="1.7.0_79-b14" />
    <property name="java.awt.graphicsenv" value="sun.awt.X11GraphicsEnvironment" />
    <property name="basedir" value="/home/zhoutengteng/Desktop/java_test/allTestBash/antstudyHello/testAnt" />
    <property name="java.endorsed.dirs" value="/usr/lib/jvm/java-7-openjdk-amd64/jre/lib/endorsed" />
    <property name="os.arch" value="amd64" />
    <property name="ant.project.default-target" value="junit" />
    <property name="java.io.tmpdir" value="/tmp" />
    <property name="ant.core.lib" value="/usr/share/ant/lib/ant.jar" />
    <property name="line.separator" value="&#xa;" />
    <property name="java.vm.specification.vendor" value="Oracle Corporation" />
    <property name="os.name" value="Linux" />
    <property name="ant.home" value="/usr/share/ant" />
    <property name="ant.project.name" value="JumperRunner" />
    <property name="sun.jnu.encoding" value="UTF-8" />
    <property name="java.library.path" value="/usr/java/packages/lib/amd64:/usr/lib/x86_64-linux-gnu/jni:/lib/x86_64-linux-gnu:/usr/lib/x86_64-linux-gnu:/usr/lib/jni:/lib:/usr/lib" />
    <property name="java.specification.name" value="Java Platform API Specification" />
    <property name="java.class.version" value="51.0" />
    <property name="lib.dir" value="/home/zhoutengteng/Desktop/java_test/allTestBash/antstudyHello/testAnt/lib" />
    <property name="sun.management.compiler" value="HotSpot 64-Bit Tiered Compilers" />
    <property name="os.version" value="3.13.0-62-generic" />
    <property name="ant.file" value="/home/zhoutengteng/Desktop/java_test/allTestBash/antstudyHello/testAnt/build.xml" />
    <property name="user.home" value="/home/zhoutengteng" />
    <property name="class.dir" value="/home/zhoutengteng/Desktop/java_test/allTestBash/antstudyHello/testAnt/class" />
    <property name="user.timezone" value="" />
    <property name="java.awt.printerjob" value="sun.print.PSPrinterJob" />
    <property name="ant.file.JumperRunner" value="/home/zhoutengteng/Desktop/java_test/allTestBash/antstudyHello/testAnt/build.xml" />
    <property name="java.specification.version" value="1.7" />
    <property name="file.encoding" value="UTF-8" />
    <property name="user.name" value="zhoutengteng" />
    <property name="java.class.path" value="/home/zhoutengteng/Desktop/java_test/allTestBash/antstudyHello/testAnt/lib/junit-4.9.jar:/home/zhoutengteng/Desktop/java_test/allTestBash/antstudyHello/testAnt/class:/home/zhoutengteng/Desktop/java_test/allTestBash/antstudyHello/testAnt:/usr/lib/jvm/java-7-openjdk-amd64/lib/dt.jar:/usr/lib/jvm/java-7-openjdk-amd64/lib/tools.jar:/usr/share/java/ant-launcher-1.9.3.jar:/usr/share/ant/lib/ant.jar:/usr/share/ant/lib/ant-junit.jar:/usr/share/ant/lib/ant-junit4.jar" />
    <property name="reports.dir" value="/home/zhoutengteng/Desktop/java_test/allTestBash/antstudyHello/testAnt/reports" />
    <property name="java.vm.specification.version" value="1.7" />
    <property name="sun.java.command" value="org.apache.tools.ant.taskdefs.optional.junit.JUnitTestRunner HelloWorldTest skipNonTests=false filtertrace=true haltOnError=false haltOnFailure=false formatter=org.apache.tools.ant.taskdefs.optional.junit.SummaryJUnitResultFormatter showoutput=false outputtoformatters=true logfailedtests=true logtestlistenerevents=false formatter=org.apache.tools.ant.taskdefs.optional.junit.XMLJUnitResultFormatter,/home/zhoutengteng/Desktop/java_test/allTestBash/antstudyHello/testAnt/reports/TEST-HelloWorldTest.xml crashfile=/home/zhoutengteng/Desktop/java_test/allTestBash/antstudyHello/testAnt/junitvmwatcher9050106196699534894.properties propsfile=/home/zhoutengteng/Desktop/java_test/allTestBash/antstudyHello/testAnt/junit4129820475449916600.properties" />
    <property name="sun.arch.data.model" value="64" />
    <property name="java.home" value="/usr/lib/jvm/java-7-openjdk-amd64/jre" />
    <property name="java.specification.vendor" value="Oracle Corporation" />
    <property name="user.language" value="en" />
    <property name="awt.toolkit" value="sun.awt.X11.XToolkit" />
    <property name="java.vm.info" value="mixed mode" />
    <property name="java.version" value="1.7.0_79" />
    <property name="java.ext.dirs" value="/usr/lib/jvm/java-7-openjdk-amd64/jre/lib/ext:/usr/java/packages/lib/ext" />
    <property name="sun.boot.class.path" value="/usr/lib/jvm/java-7-openjdk-amd64/jre/lib/resources.jar:/usr/lib/jvm/java-7-openjdk-amd64/jre/lib/rt.jar:/usr/lib/jvm/java-7-openjdk-amd64/jre/lib/sunrsasign.jar:/usr/lib/jvm/java-7-openjdk-amd64/jre/lib/jsse.jar:/usr/lib/jvm/java-7-openjdk-amd64/jre/lib/jce.jar:/usr/lib/jvm/java-7-openjdk-amd64/jre/lib/charsets.jar:/usr/lib/jvm/java-7-openjdk-amd64/jre/lib/rhino.jar:/usr/lib/jvm/java-7-openjdk-amd64/jre/lib/jfr.jar:/usr/lib/jvm/java-7-openjdk-amd64/jre/classes" />
    <property name="java.vendor" value="Oracle Corporation" />
    <property name="file.separator" value="/" />
    <property name="java.vendor.url.bug" value="http://bugreport.sun.com/bugreport/" />
    <property name="src.dir" value="/home/zhoutengteng/Desktop/java_test/allTestBash/antstudyHello/testAnt/src" />
    <property name="sun.cpu.endian" value="little" />
    <property name="sun.io.unicode.encoding" value="UnicodeLittle" />
    <property name="ant.file.type" value="file" />
    <property name="sun.desktop" value="gnome" />
    <property name="sun.cpu.isalist" value="" />
  </properties>
  <testcase classname="HelloWorldTest" name="testHello" time="0.009">
    <failure message="expected:&lt;Hello  World![!]&gt; but was:&lt;Hello  World![]&gt;" type="junit.framework.AssertionFailedError">junit.framework.AssertionFailedError: expected:&lt;Hello  World![!]&gt; but was:&lt;Hello  World![]&gt;
	at HelloWorldTest.testHello(Unknown Source)
</failure>
  </testcase>
  <system-out><![CDATA[]]></system-out>
  <system-err><![CDATA[]]></system-err>
</testsuite>
